<?xml version="1.0" encoding="UTF-8"?>
<!-- Generated by org.testng.reporters.JUnitReportReporter -->
<testsuite hostname="KARTIK-SHARMA" failures="0" tests="2" name="com.Test.signUpTest" time="20.288" errors="0" timestamp="2025-03-16T19:25:08 IST" skipped="0">
  <testcase classname="com.Test.signUpTest" name="signUpSuccessful" time="13.995"/>
  <testcase classname="com.Test.signUpTest" name="signInSuccessful" time="6.293"/>
</testsuite> <!-- com.Test.signUpTest -->
